Worker 1 will train 12 trees with 2000 samples each.
Using 12 workers for the forest (nested parallelism disabled, using single-threaded learning per tree).
Worker 1 finished training 12 trees.
Sent 12 trees to process 0
Sent tree sizes: 397673 to process 0
Sent all tree data to process 0
Worker 1 sent trained trees back to master.
Worker 1 will train 17 trees with 2000 samples each.
Using 17 workers for the forest (nested parallelism disabled, using single-threaded learning per tree).
Worker 1 finished training 17 trees.
Sent 17 trees to process 0
Sent tree sizes: 561043 to process 0
Sent all tree data to process 0
Worker 1 sent trained trees back to master.
Worker 1 will train 34 trees with 2000 samples each.
Using 32 workers for the forest (nested parallelism disabled, using single-threaded learning per tree).
Worker 1 finished training 34 trees.
Sent 34 trees to process 0
Sent tree sizes: 1119553 to process 0
Sent all tree data to process 0
Worker 1 sent trained trees back to master.
Worker 1 will train 50 trees with 2000 samples each.
Using 32 workers for the forest (nested parallelism disabled, using single-threaded learning per tree).
Worker 1 finished training 50 trees.
Sent 50 trees to process 0
Sent tree sizes: 1643654 to process 0
Sent all tree data to process 0
Worker 1 sent trained trees back to master.
Worker 1 will train 67 trees with 2000 samples each.
Using 32 workers for the forest (nested parallelism disabled, using single-threaded learning per tree).
Worker 1 finished training 67 trees.
Sent 67 trees to process 0
Sent tree sizes: 2203087 to process 0
Sent all tree data to process 0
Worker 1 sent trained trees back to master.
Worker 1 will train 0 trees with 99 samples each.
Worker 1 finished in 11092.3 milliseconds.
