Worker 2 will train 12 trees with 2000 samples each.
Using 12 workers for the forest (nested parallelism disabled, using single-threaded learning per tree).
Worker 2 finished training 12 trees.
Sent 12 trees to process 0
Sent tree sizes: 396298 to process 0
Sent all tree data to process 0
Worker 2 sent trained trees back to master.
Worker 2 will train 17 trees with 2000 samples each.
Using 17 workers for the forest (nested parallelism disabled, using single-threaded learning per tree).
Worker 2 finished training 17 trees.
Sent 17 trees to process 0
Sent tree sizes: 560785 to process 0
Sent all tree data to process 0
Worker 2 sent trained trees back to master.
Worker 2 will train 33 trees with 2000 samples each.
Using 32 workers for the forest (nested parallelism disabled, using single-threaded learning per tree).
Worker 2 finished training 33 trees.
Sent 33 trees to process 0
Sent tree sizes: 1085924 to process 0
Sent all tree data to process 0
Worker 2 sent trained trees back to master.
Worker 2 will train 50 trees with 2000 samples each.
Using 32 workers for the forest (nested parallelism disabled, using single-threaded learning per tree).
Worker 2 finished training 50 trees.
Sent 50 trees to process 0
Sent tree sizes: 1642100 to process 0
Sent all tree data to process 0
Worker 2 sent trained trees back to master.
Worker 2 will train 67 trees with 2000 samples each.
Using 32 workers for the forest (nested parallelism disabled, using single-threaded learning per tree).
Worker 2 finished training 67 trees.
Sent 67 trees to process 0
Sent tree sizes: 2202054 to process 0
Sent all tree data to process 0
Worker 2 sent trained trees back to master.
Worker 2 will train 0 trees with 99 samples each.
Worker 2 finished in 11092.3 milliseconds.
