Worker 2 predicting with 67 trees.
Process 0 received number of trees to expect: 12
Process 0 received tree sizes.
Process 0 received all tree data.
Process 0 has received 12 trees from master.
Worker 2 loaded test data, starting predictions.
Worker 2 finished predictions.
Process 0 sent prediction result dimensions: 1000x2
Process 0 sent prediction results.
Worker 2 sent prediction results back to master.
Worker 2 predicting with 12 trees.
Process 0 received number of trees to expect: 17
Process 0 received tree sizes.
Process 0 received all tree data.
Process 0 has received 17 trees from master.
Worker 2 loaded test data, starting predictions.
Worker 2 finished predictions.
Process 0 sent prediction result dimensions: 1000x2
Process 0 sent prediction results.
Worker 2 sent prediction results back to master.
Worker 2 predicting with 17 trees.
Process 0 received number of trees to expect: 33
Process 0 received tree sizes.
Process 0 received all tree data.
Process 0 has received 33 trees from master.
Worker 2 loaded test data, starting predictions.
Worker 2 finished predictions.
Process 0 sent prediction result dimensions: 1000x2
Process 0 sent prediction results.
Worker 2 sent prediction results back to master.
Worker 2 predicting with 33 trees.
Process 0 received number of trees to expect: 50
Process 0 received tree sizes.
Process 0 received all tree data.
Process 0 has received 50 trees from master.
Worker 2 loaded test data, starting predictions.
Worker 2 finished predictions.
Process 0 sent prediction result dimensions: 1000x2
Process 0 sent prediction results.
Worker 2 sent prediction results back to master.
Worker 2 predicting with 50 trees.
Process 0 received number of trees to expect: 67
Process 0 received tree sizes.
Process 0 received all tree data.
Process 0 has received 67 trees from master.
Worker 2 loaded test data, starting predictions.
Worker 2 finished predictions.
Process 0 sent prediction result dimensions: 1000x2
Process 0 sent prediction results.
Worker 2 sent prediction results back to master.
Worker 2 received end of prediction signal.
Worker 2 finished in 454.856 milliseconds.
